[0m17:25:09.655774 [debug] [MainThread]: Sending event: {'category': 'dbt', 'action': 'invocation', 'label': 'start', 'context': [<snowplow_tracker.self_describing_json.SelfDescribingJson object at 0x0000022505DF3690>, <snowplow_tracker.self_describing_json.SelfDescribingJson object at 0x0000022505DF3950>, <snowplow_tracker.self_describing_json.SelfDescribingJson object at 0x0000022505DF3290>]}


============================== 17:25:09.659285 | f5f46f06-80d4-42a0-93d7-f35f01d744d4 ==============================
[0m17:25:09.659285 [info ] [MainThread]: Running with dbt=1.8.6
[0m17:25:09.659285 [debug] [MainThread]: running dbt with arguments {'printer_width': '80', 'indirect_selection': 'eager', 'log_cache_events': 'False', 'write_json': 'True', 'partial_parse': 'True', 'cache_selected_only': 'False', 'warn_error': 'None', 'debug': 'False', 'profiles_dir': 'C:\\Users\\Luciano\\.dbt', 'log_path': 'logs', 'version_check': 'True', 'fail_fast': 'False', 'use_colors': 'True', 'use_experimental_parser': 'False', 'no_print': 'None', 'quiet': 'False', 'empty': 'None', 'warn_error_options': 'WarnErrorOptions(include=[], exclude=[])', 'invocation_command': 'dbt init vendas_dbt', 'log_format': 'default', 'static_parser': 'True', 'target_path': 'None', 'introspect': 'True', 'send_anonymous_usage_stats': 'True'}
[0m17:25:09.674308 [debug] [MainThread]: Starter project path: C:\Users\Luciano\workspace\lvgalvaofilho\datawahouse-live\.venv\Lib\site-packages\dbt\include\starter_project
[0m17:25:09.707613 [info ] [MainThread]: 
Your new dbt project "vendas_dbt" was created!

For more information on how to configure the profiles.yml file,
please consult the dbt documentation here:

  https://docs.getdbt.com/docs/configure-your-profile

One more thing:

Need help? Don't hesitate to reach out to us via GitHub issues or on Slack:

  https://community.getdbt.com/

Happy modeling!

[0m17:25:09.707613 [info ] [MainThread]: Setting up your profile.
[0m17:26:20.541368 [info ] [MainThread]: Profile vendas_dbt written to C:\Users\Luciano\.dbt\profiles.yml using target's profile_template.yml and your supplied values. Run 'dbt debug' to validate the connection.
[0m17:26:20.542410 [debug] [MainThread]: Command `dbt init` succeeded at 17:26:20.542410 after 70.95 seconds
[0m17:26:20.543410 [debug] [MainThread]: Sending event: {'category': 'dbt', 'action': 'invocation', 'label': 'end', 'context': [<snowplow_tracker.self_describing_json.SelfDescribingJson object at 0x000002257FAF10D0>, <snowplow_tracker.self_describing_json.SelfDescribingJson object at 0x0000022503207F50>, <snowplow_tracker.self_describing_json.SelfDescribingJson object at 0x0000022505146C10>]}
[0m17:26:20.543410 [debug] [MainThread]: Flushing usage events
[0m11:21:02.600010 [debug] [MainThread]: Sending event: {'category': 'dbt', 'action': 'invocation', 'label': 'start', 'context': [<snowplow_tracker.self_describing_json.SelfDescribingJson object at 0x000001E36E2F6C00>, <snowplow_tracker.self_describing_json.SelfDescribingJson object at 0x000001E36FFA8440>, <snowplow_tracker.self_describing_json.SelfDescribingJson object at 0x000001E36D3DA1E0>]}


============================== 11:21:02.608037 | 0f875ba3-f96b-48d5-b840-873defea75be ==============================
[0m11:21:02.608037 [info ] [MainThread]: Running with dbt=1.8.6
[0m11:21:02.609037 [debug] [MainThread]: running dbt with arguments {'printer_width': '80', 'indirect_selection': 'eager', 'log_cache_events': 'False', 'write_json': 'True', 'partial_parse': 'True', 'cache_selected_only': 'False', 'profiles_dir': 'C:\\Users\\dowg\\.dbt', 'fail_fast': 'False', 'warn_error': 'None', 'log_path': 'logs', 'debug': 'False', 'version_check': 'True', 'use_colors': 'True', 'use_experimental_parser': 'False', 'no_print': 'None', 'quiet': 'False', 'empty': 'None', 'log_format': 'default', 'invocation_command': 'dbt init vendas_dbt', 'introspect': 'True', 'warn_error_options': 'WarnErrorOptions(include=[], exclude=[])', 'target_path': 'None', 'static_parser': 'True', 'send_anonymous_usage_stats': 'True'}
[0m11:21:02.625012 [warn ] [MainThread]: [ConfigFolderDirectory]: Unable to parse dict {'dir': WindowsPath('C:/Users/dowg/.dbt')}
[0m11:21:02.626009 [info ] [MainThread]: Creating dbt configuration folder at 
[0m11:21:02.628011 [info ] [MainThread]: A project called vendas_dbt already exists here.
[0m11:21:02.630039 [debug] [MainThread]: Command `dbt init` succeeded at 11:21:02.629009 after 0.15 seconds
[0m11:21:02.630039 [debug] [MainThread]: Sending event: {'category': 'dbt', 'action': 'invocation', 'label': 'end', 'context': [<snowplow_tracker.self_describing_json.SelfDescribingJson object at 0x000001E370C54170>, <snowplow_tracker.self_describing_json.SelfDescribingJson object at 0x000001E370A00740>, <snowplow_tracker.self_describing_json.SelfDescribingJson object at 0x000001E37054A000>]}
[0m11:21:02.631038 [debug] [MainThread]: Flushing usage events
[0m11:57:29.862790 [debug] [MainThread]: Sending event: {'category': 'dbt', 'action': 'invocation', 'label': 'start', 'context': [<snowplow_tracker.self_describing_json.SelfDescribingJson object at 0x000001A5F3557200>, <snowplow_tracker.self_describing_json.SelfDescribingJson object at 0x000001A5F034A150>, <snowplow_tracker.self_describing_json.SelfDescribingJson object at 0x000001A5F2D5EBD0>]}


============================== 11:57:29.869790 | 38ed4246-5957-42dd-91df-33f8473921b0 ==============================
[0m11:57:29.869790 [info ] [MainThread]: Running with dbt=1.8.6
[0m11:57:29.870789 [debug] [MainThread]: running dbt with arguments {'printer_width': '80', 'indirect_selection': 'eager', 'write_json': 'True', 'log_cache_events': 'False', 'partial_parse': 'True', 'cache_selected_only': 'False', 'profiles_dir': 'C:\\Users\\dowg\\.dbt', 'debug': 'False', 'version_check': 'True', 'log_path': 'logs', 'warn_error': 'None', 'fail_fast': 'False', 'use_colors': 'True', 'use_experimental_parser': 'False', 'no_print': 'None', 'quiet': 'False', 'empty': 'None', 'warn_error_options': 'WarnErrorOptions(include=[], exclude=[])', 'invocation_command': 'dbt docs generate', 'static_parser': 'True', 'introspect': 'True', 'target_path': 'None', 'log_format': 'default', 'send_anonymous_usage_stats': 'True'}
[0m11:57:29.871792 [error] [MainThread]: Encountered an error:
Runtime Error
  No dbt_project.yml found at expected path E:\Estudo\GitHub\Jornada\briefer-dbt-migracao-aws\dbt_project.yml
  Verify that each entry within packages.yml (and their transitive dependencies) contains a file named dbt_project.yml
  
[0m11:57:29.874793 [debug] [MainThread]: Command `dbt docs generate` failed at 11:57:29.873794 after 0.13 seconds
[0m11:57:29.874793 [debug] [MainThread]: Sending event: {'category': 'dbt', 'action': 'invocation', 'label': 'end', 'context': [<snowplow_tracker.self_describing_json.SelfDescribingJson object at 0x000001A5F34B9760>, <snowplow_tracker.self_describing_json.SelfDescribingJson object at 0x000001A5F3D70E30>, <snowplow_tracker.self_describing_json.SelfDescribingJson object at 0x000001A5F2D5EBD0>]}
[0m11:57:29.874793 [debug] [MainThread]: Flushing usage events
